0 info it worked if it ends with ok
1 verbose cli [ 'c:\\Program Files\\nodejs\\node.exe',
1 verbose cli   'c:\\Program Files\\nodejs\\node_modules\\npm\\bin\\npm-cli.js',
1 verbose cli   'start' ]
2 info using npm@1.4.28
3 info using node@v0.10.35
4 verbose run-script [ 'prestart', 'start', 'poststart' ]
5 info prestart angular-seed@0.0.0
6 info start angular-seed@0.0.0
7 verbose unsafe-perm in lifecycle true
8 info angular-seed@0.0.0 Failed to exec start script
9 error angular-seed@0.0.0 start: `http-server -p 4000`
9 error Exit status 8
10 error Failed at the angular-seed@0.0.0 start script.
10 error This is most likely a problem with the angular-seed package,
10 error not with npm itself.
10 error Tell the author that this fails on your system:
10 error     http-server -p 4000
10 error You can get their info via:
10 error     npm owner ls angular-seed
10 error There is likely additional logging output above.
11 error System Windows_NT 6.1.7601
12 error command "c:\\Program Files\\nodejs\\node.exe" "c:\\Program Files\\nodejs\\node_modules\\npm\\bin\\npm-cli.js" "start"
13 error cwd c:\Users\samsung\venkatdowling\ember_alt\ember_on_ang_seed
14 error node -v v0.10.35
15 error npm -v 1.4.28
16 error code ELIFECYCLE
17 verbose exit [ 1, true ]
